<?xml version="1.0" encoding="UTF-8"?>
<!-- Generated by org.testng.reporters.JUnitReportReporter -->
<testsuite hostname="BBL8P644F3" failures="0" tests="1" name="com.trax.testCases.TC_POSTRestAssureds" time="0.580" errors="0" timestamp="2022-09-13T23:24:07 EDT" skipped="0">
  <testcase classname="com.trax.testCases.TC_POSTRestAssureds" name="POSTRestAssureds" time="0.580"/>
  <system-out/>
</testsuite> <!-- com.trax.testCases.TC_POSTRestAssureds -->
