<?xml version="1.0" encoding="UTF-8"?>
<!-- Generated by org.testng.reporters.JUnitReportReporter -->
<testsuite hostname="BBL8P644F3" failures="0" tests="1" name="com.trax.testCases.TC_GETRestAssureds" time="11.881" errors="0" timestamp="2022-09-13T23:24:07 EDT" skipped="0">
  <testcase classname="com.trax.testCases.TC_GETRestAssureds" name="GETRestAssureds" time="11.881"/>
  <system-out/>
</testsuite> <!-- com.trax.testCases.TC_GETRestAssureds -->
