<?xml version="1.0" encoding="UTF-8"?>
<!-- Generated by org.testng.reporters.JUnitReportReporter -->
<testsuite hostname="BBL8P644F3" failures="0" tests="1" name="com.trax.testCases.TC_GETRestAssured" time="2.327" errors="0" timestamp="2022-09-13T18:28:09 EDT" skipped="0">
  <testcase classname="com.trax.testCases.TC_GETRestAssured" name="GETRestAssured" time="2.327"/>
  <system-out/>
</testsuite> <!-- com.trax.testCases.TC_GETRestAssured -->
